<?xml version="1.0" encoding="UTF-8"?><testsuites time="0.362"><testsuite name="Testing the server" tests="20" failures="1" errors="0" time="0.362" timestamp="2014-09-28T14:55:19.530Z" package="test/browser/browser-test"><testcase name="Has 200 status" classname="test/browser/browser-test" time="0.19"></testcase><testcase name="Page has 2 div tags" classname="test/browser/browser-test" time="0.002"></testcase><testcase name="Title is World Player" classname="test/browser/browser-test" time="0.002"></testcase><testcase name="player exists" classname="test/browser/browser-test" time="0.001"></testcase><testcase name="player has an image" classname="test/browser/browser-test" time="0.001"></testcase><testcase name="player has audio" classname="test/browser/browser-test" time="0.001"></testcase><testcase name="audio has track" classname="test/browser/browser-test" time="0.001"></testcase><testcase name="audio has source" classname="test/browser/browser-test" time="0"></testcase><testcase name="player has playBar for player controls" classname="test/browser/browser-test" time="0.001"></testcase><testcase name="playBar has prevTrack control" classname="test/browser/browser-test" time="0.001"></testcase><testcase name="playBar has nextTrack control" classname="test/browser/browser-test" time="0.003"></testcase><testcase name="playBar has playTrack control" classname="test/browser/browser-test" time="0.001"></testcase><testcase name="playBar has pauseTrack control" classname="test/browser/browser-test" time="0.001"></testcase><testcase name="playBar has duration label" classname="test/browser/browser-test" time="0.001"></testcase><testcase name="playBar has elapsed time label" classname="test/browser/browser-test" time="0.001"></testcase><testcase name="player has playList" classname="test/browser/browser-test" time="0"></testcase><testcase name="pauseTrack starts with the turnOff class" classname="test/browser/browser-test" time="0.001"></testcase><testcase name="playTrack starts with the clPlayTrack class" classname="test/browser/browser-test" time="0.001"></testcase><testcase name="The play button is visible" classname="test/browser/browser-test" time="0.001"></testcase><testcase name="The pause button is visible" classname="test/browser/browser-test" time="0.152"><failure type="assertVisible">The pause button is visible</failure></testcase><system-out></system-out></testsuite></testsuites>